\BOOKMARK [0][-]{title.0}{Title Page}{}% 1
\BOOKMARK [0][-]{chapter*.2}{Introduction}{}% 2
\BOOKMARK [1][-]{section.0.1}{About this book}{chapter*.2}% 3
\BOOKMARK [1][-]{section.0.2}{About analysis}{chapter*.2}% 4
\BOOKMARK [1][-]{section.0.3}{Basic set theory}{chapter*.2}% 5
\BOOKMARK [0][-]{chapter.1}{Real Numbers}{}% 6
\BOOKMARK [1][-]{section.1.1}{Basic properties}{chapter.1}% 7
\BOOKMARK [1][-]{section.1.2}{The set of real numbers}{chapter.1}% 8
\BOOKMARK [1][-]{section.1.3}{Absolute value}{chapter.1}% 9
\BOOKMARK [1][-]{section.1.4}{Intervals and the size of R}{chapter.1}% 10
\BOOKMARK [1][-]{section.1.5}{Decimal representation of the reals}{chapter.1}% 11
\BOOKMARK [0][-]{chapter.2}{Sequences and Series}{}% 12
\BOOKMARK [1][-]{section.2.1}{Sequences and limits}{chapter.2}% 13
\BOOKMARK [1][-]{section.2.2}{Facts about limits of sequences}{chapter.2}% 14
\BOOKMARK [1][-]{section.2.3}{Limit superior, limit inferior, and Bolzano-Weierstrass}{chapter.2}% 15
\BOOKMARK [1][-]{section.2.4}{Cauchy sequences}{chapter.2}% 16
\BOOKMARK [1][-]{section.2.5}{Series}{chapter.2}% 17
\BOOKMARK [1][-]{section.2.6}{More on series}{chapter.2}% 18
\BOOKMARK [0][-]{chapter.3}{Continuous Functions}{}% 19
\BOOKMARK [1][-]{section.3.1}{Limits of functions}{chapter.3}% 20
\BOOKMARK [1][-]{section.3.2}{Continuous functions}{chapter.3}% 21
\BOOKMARK [1][-]{section.3.3}{Min-max and intermediate value theorems}{chapter.3}% 22
\BOOKMARK [1][-]{section.3.4}{Uniform continuity}{chapter.3}% 23
\BOOKMARK [1][-]{section.3.5}{Limits at infinity}{chapter.3}% 24
\BOOKMARK [1][-]{section.3.6}{Monotone functions and continuity}{chapter.3}% 25
\BOOKMARK [0][-]{chapter.4}{The Derivative}{}% 26
\BOOKMARK [1][-]{section.4.1}{The derivative}{chapter.4}% 27
\BOOKMARK [1][-]{section.4.2}{Mean value theorem}{chapter.4}% 28
\BOOKMARK [1][-]{section.4.3}{Taylor's theorem}{chapter.4}% 29
\BOOKMARK [1][-]{section.4.4}{Inverse function theorem}{chapter.4}% 30
\BOOKMARK [0][-]{chapter.5}{The Riemann Integral}{}% 31
\BOOKMARK [1][-]{section.5.1}{The Riemann integral}{chapter.5}% 32
\BOOKMARK [1][-]{section.5.2}{Properties of the integral}{chapter.5}% 33
\BOOKMARK [1][-]{section.5.3}{Fundamental theorem of calculus}{chapter.5}% 34
\BOOKMARK [1][-]{section.5.4}{The logarithm and the exponential}{chapter.5}% 35
\BOOKMARK [1][-]{section.5.5}{Improper integrals}{chapter.5}% 36
\BOOKMARK [0][-]{chapter.6}{Sequences of Functions}{}% 37
\BOOKMARK [1][-]{section.6.1}{Pointwise and uniform convergence}{chapter.6}% 38
\BOOKMARK [1][-]{section.6.2}{Interchange of limits}{chapter.6}% 39
\BOOKMARK [1][-]{section.6.3}{Picard's theorem}{chapter.6}% 40
\BOOKMARK [0][-]{chapter.7}{Metric Spaces}{}% 41
\BOOKMARK [1][-]{section.7.1}{Metric spaces}{chapter.7}% 42
\BOOKMARK [1][-]{section.7.2}{Open and closed sets}{chapter.7}% 43
\BOOKMARK [1][-]{section.7.3}{Sequences and convergence}{chapter.7}% 44
\BOOKMARK [1][-]{section.7.4}{Completeness and compactness}{chapter.7}% 45
\BOOKMARK [1][-]{section.7.5}{Continuous functions}{chapter.7}% 46
\BOOKMARK [1][-]{section.7.6}{Fixed point theorem and Picard's theorem again}{chapter.7}% 47
\BOOKMARK [0][-]{section*.4}{Further Reading}{}% 48
